<?xml version="1.0" encoding="UTF-8"?>
<!-- Generated by org.testng.reporters.JUnitReportReporter -->
<testsuite hostname="DESKTOP-21ATSCV" failures="0" tests="1" name="com.hrms.testscripts.TC001" time="3.990" errors="0" timestamp="7 Feb 2023 10:52:15 GMT">
  <testcase classname="com.hrms.testscripts.TC001" name="tc001" time="3.990"/>
</testsuite> <!-- com.hrms.testscripts.TC001 -->
